<?xml version="1.0" encoding="UTF-8"?>
<!-- Generated by org.testng.reporters.JUnitReportReporter -->
<testsuite hostname="ganesnar-ws04" name="com.mycompany.app.ScheduleAWebinarPage" tests="1" failures="0" timestamp="30 Jul 2015 04:26:17 GMT" time="68.866" errors="0">
  <testcase name="ScheduleWebinar" time="68.866" classname="com.mycompany.app.ScheduleAWebinarPage"/>
</testsuite> <!-- com.mycompany.app.ScheduleAWebinarPage -->
